0 info it worked if it ends with ok
1 verbose cli [ 'C:\\Program Files\\nodejs\\node.exe',
1 verbose cli   'C:\\Program Files\\nodejs\\node_modules\\npm\\bin\\npm-cli.js',
1 verbose cli   'i',
1 verbose cli   '-g',
1 verbose cli   'reload' ]
2 info using npm@2.14.12
3 info using node@v4.3.1
4 verbose install initial load of C:\Users\Attila\AppData\Roaming\npm\package.json
5 verbose readDependencies loading dependencies from C:\Users\Attila\AppData\Roaming\npm\package.json
6 silly cache add args [ 'reload', null ]
7 verbose cache add spec reload
8 silly cache add parsed spec Result {
8 silly cache add   raw: 'reload',
8 silly cache add   scope: null,
8 silly cache add   name: 'reload',
8 silly cache add   rawSpec: '',
8 silly cache add   spec: 'latest',
8 silly cache add   type: 'tag' }
9 silly addNamed reload@latest
10 verbose addNamed "latest" is being treated as a dist-tag for reload
11 info addNameTag [ 'reload', 'latest' ]
12 silly mapToRegistry name reload
13 silly mapToRegistry using default registry
14 silly mapToRegistry registry http://registry.npmjs.org/
15 silly mapToRegistry uri http://registry.npmjs.org/reload
16 verbose addNameTag registry:http://registry.npmjs.org/reload not in flight; fetching
17 verbose request uri http://registry.npmjs.org/reload
18 verbose request no auth needed
19 info attempt registry request try #1 at 3:56:09 PM
20 verbose request id 23ca68dbb70d59f4
21 http request GET http://registry.npmjs.org/reload
22 info retry will retry, error on last attempt: Error: getaddrinfo ENOENT registry.npmjs.org:80
23 info attempt registry request try #2 at 3:56:19 PM
24 http request GET http://registry.npmjs.org/reload
25 info retry will retry, error on last attempt: Error: getaddrinfo ENOENT registry.npmjs.org:80
26 info attempt registry request try #3 at 3:57:19 PM
27 http request GET http://registry.npmjs.org/reload
28 verbose stack Error: getaddrinfo ENOENT registry.npmjs.org:80
28 verbose stack     at Object.exports._errnoException (util.js:870:11)
28 verbose stack     at errnoException (dns.js:31:15)
28 verbose stack     at GetAddrInfoReqWrap.onlookup [as oncomplete] (dns.js:77:26)
29 verbose cwd C:\Users\Attila\Desktop\Pixel-Studios
30 error Windows_NT 10.0.14393
31 error argv "C:\\Program Files\\nodejs\\node.exe" "C:\\Program Files\\nodejs\\node_modules\\npm\\bin\\npm-cli.js" "i" "-g" "reload"
32 error node v4.3.1
33 error npm  v2.14.12
34 error code ENOENT
35 error errno ENOENT
36 error syscall getaddrinfo
37 error enoent getaddrinfo ENOENT registry.npmjs.org:80
37 error enoent This is most likely not a problem with npm itself
37 error enoent and is related to npm not being able to find a file.
38 verbose exit [ 1, true ]
